<?xml version="1.0" encoding="UTF-8"?>
<!-- Generated by org.testng.reporters.JUnitReportReporter -->
<testsuite hostname="BLR2-NB10-673" failures="0" tests="1" name="Test.Run" time="95.658" errors="0" timestamp="22 Sep 2021 06:57:03 GMT">
  <testcase classname="Test.Run" name="verify_Bot" time="95.658"/>
</testsuite> <!-- Test.Run -->
